<?xml version="1.0" encoding="UTF-8"?>
<coverage generated="1751615636144" clover="3.2.0">
  <project timestamp="1751615636144" name="All files">
    <metrics statements="46" coveredstatements="46" conditionals="4" coveredconditionals="4" methods="23" coveredmethods="23" elements="73" coveredelements="73" complexity="0" loc="46" ncloc="46" packages="2" files="7" classes="7"/>
    <package name="src">
      <metrics statements="10" coveredstatements="10" conditionals="0" coveredconditionals="0" methods="5" coveredmethods="5"/>
      <file name="App.js" path="/Users/harita/Documents/Coding/LambdaTest/Blog1/expense_tracker_cypress/src/App.js">
        <metrics statements="8" coveredstatements="8" conditionals="0" coveredconditionals="0" methods="5" coveredmethods="5"/>
        <line num="8" count="6" type="stmt"/>
        <line num="19" count="24" type="stmt"/>
        <line num="26" count="24" type="stmt"/>
        <line num="27" count="10" type="stmt"/>
        <line num="30" count="24" type="stmt"/>
        <line num="31" count="1" type="stmt"/>
        <line num="32" count="5" type="stmt"/>
        <line num="36" count="24" type="stmt"/>
      </file>
      <file name="index.js" path="/Users/harita/Documents/Coding/LambdaTest/Blog1/expense_tracker_cypress/src/index.js">
        <metrics statements="2" coveredstatements="2" conditionals="0" coveredconditionals="0" methods="0" coveredmethods="0"/>
        <line num="6" count="6" type="stmt"/>
        <line num="7" count="6" type="stmt"/>
      </file>
    </package>
    <package name="src.components">
      <metrics statements="36" coveredstatements="36" conditionals="4" coveredconditionals="4" methods="18" coveredmethods="18"/>
      <file name="Balance.jsx" path="/Users/harita/Documents/Coding/LambdaTest/Blog1/expense_tracker_cypress/src/components/Balance.jsx">
        <metrics statements="4" coveredstatements="4" conditionals="0" coveredconditionals="0" methods="3" coveredmethods="3"/>
        <line num="4" count="6" type="stmt"/>
        <line num="5" count="106" type="stmt"/>
        <line num="6" count="106" type="stmt"/>
        <line num="8" count="24" type="stmt"/>
      </file>
      <file name="ExpenseSheet.jsx" path="/Users/harita/Documents/Coding/LambdaTest/Blog1/expense_tracker_cypress/src/components/ExpenseSheet.jsx">
        <metrics statements="11" coveredstatements="11" conditionals="0" coveredconditionals="0" methods="6" coveredmethods="6"/>
        <line num="4" count="6" type="stmt"/>
        <line num="8" count="6" type="stmt"/>
        <line num="13" count="6" type="stmt"/>
        <line num="14" count="106" type="stmt"/>
        <line num="15" count="24" type="stmt"/>
        <line num="16" count="106" type="stmt"/>
        <line num="17" count="26" type="stmt"/>
        <line num="19" count="24" type="stmt"/>
        <line num="20" count="106" type="stmt"/>
        <line num="21" count="76" type="stmt"/>
        <line num="24" count="24" type="stmt"/>
      </file>
      <file name="NewTransaction.jsx" path="/Users/harita/Documents/Coding/LambdaTest/Blog1/expense_tracker_cypress/src/components/NewTransaction.jsx">
        <metrics statements="11" coveredstatements="11" conditionals="0" coveredconditionals="0" methods="4" coveredmethods="4"/>
        <line num="4" count="6" type="stmt"/>
        <line num="5" count="72" type="stmt"/>
        <line num="6" count="72" type="stmt"/>
        <line num="7" count="72" type="stmt"/>
        <line num="8" count="5" type="stmt"/>
        <line num="13" count="5" type="stmt"/>
        <line num="14" count="5" type="stmt"/>
        <line num="15" count="5" type="stmt"/>
        <line num="18" count="72" type="stmt"/>
        <line num="26" count="15" type="stmt"/>
        <line num="34" count="9" type="stmt"/>
      </file>
      <file name="Transaction.jsx" path="/Users/harita/Documents/Coding/LambdaTest/Blog1/expense_tracker_cypress/src/components/Transaction.jsx">
        <metrics statements="7" coveredstatements="7" conditionals="4" coveredconditionals="4" methods="3" coveredmethods="3"/>
        <line num="5" count="6" type="stmt"/>
        <line num="6" count="106" type="cond" truecount="2" falsecount="0"/>
        <line num="7" count="106" type="stmt"/>
        <line num="8" count="106" type="cond" truecount="2" falsecount="0"/>
        <line num="10" count="106" type="stmt"/>
        <line num="12" count="1" type="stmt"/>
        <line num="15" count="106" type="stmt"/>
      </file>
      <file name="Transactions.jsx" path="/Users/harita/Documents/Coding/LambdaTest/Blog1/expense_tracker_cypress/src/components/Transactions.jsx">
        <metrics statements="3" coveredstatements="3" conditionals="0" coveredconditionals="0" methods="2" coveredmethods="2"/>
        <line num="5" count="6" type="stmt"/>
        <line num="6" count="24" type="stmt"/>
        <line num="12" count="106" type="stmt"/>
      </file>
    </package>
  </project>
</coverage>
