{"/Users/harita/Documents/Coding/LambdaTest/Blog1/expense_tracker_cypress/src/App.js": {"path":"/Users/harita/Documents/Coding/LambdaTest/Blog1/expense_tracker_cypress/src/App.js","statementMap":{"0":{"start":{"line":8,"column":18},"end":{"line":16,"column":2}},"1":{"start":{"line":19,"column":42},"end":{"line":24,"column":4}},"2":{"start":{"line":26,"column":26},"end":{"line":28,"column":3}},"3":{"start":{"line":27,"column":4},"end":{"line":27,"column":70}},"4":{"start":{"line":27,"column":38},"end":{"line":27,"column":68}},"5":{"start":{"line":30,"column":29},"end":{"line":34,"column":3}},"6":{"start":{"line":31,"column":4},"end":{"line":33,"column":6}},"7":{"start":{"line":32,"column":43},"end":{"line":32,"column":64}},"8":{"start":{"line":36,"column":2},"end":{"line":51,"column":4}}},"fnMap":{"0":{"name":"App","decl":{"start":{"line":18,"column":9},"end":{"line":18,"column":12}},"loc":{"start":{"line":18,"column":15},"end":{"line":52,"column":1}},"line":18},"1":{"name":"(anonymous_1)","decl":{"start":{"line":26,"column":26},"end":{"line":26,"column":27}},"loc":{"start":{"line":26,"column":43},"end":{"line":28,"column":3}},"line":26},"2":{"name":"(anonymous_2)","decl":{"start":{"line":27,"column":20},"end":{"line":27,"column":21}},"loc":{"start":{"line":27,"column":38},"end":{"line":27,"column":68}},"line":27},"3":{"name":"(anonymous_3)","decl":{"start":{"line":30,"column":29},"end":{"line":30,"column":30}},"loc":{"start":{"line":30,"column":37},"end":{"line":34,"column":3}},"line":30},"4":{"name":"(anonymous_4)","decl":{"start":{"line":32,"column":26},"end":{"line":32,"column":27}},"loc":{"start":{"line":32,"column":43},"end":{"line":32,"column":64}},"line":32}},"branchMap":{},"s":{"0":6,"1":24,"2":24,"3":5,"4":10,"5":24,"6":1,"7":5,"8":24},"f":{"0":24,"1":5,"2":10,"3":1,"4":5},"b":{},"_coverageSchema":"1a1c01bbd47fc00a2c39e90264f33305004495a9","hash":"122253aa5a1c12397b54513863a408f941725cf8"}
,"/Users/harita/Documents/Coding/LambdaTest/Blog1/expense_tracker_cypress/src/index.js": {"path":"/Users/harita/Documents/Coding/LambdaTest/Blog1/expense_tracker_cypress/src/index.js","statementMap":{"0":{"start":{"line":6,"column":13},"end":{"line":6,"column":65}},"1":{"start":{"line":7,"column":0},"end":{"line":11,"column":2}}},"fnMap":{},"branchMap":{},"s":{"0":6,"1":6},"f":{},"b":{},"_coverageSchema":"1a1c01bbd47fc00a2c39e90264f33305004495a9","hash":"1e1d8a3b80a82d3f7db8dd7275a3925e11099013"}
,"/Users/harita/Documents/Coding/LambdaTest/Blog1/expense_tracker_cypress/src/components/Balance.jsx": {"path":"/Users/harita/Documents/Coding/LambdaTest/Blog1/expense_tracker_cypress/src/components/Balance.jsx","statementMap":{"0":{"start":{"line":4,"column":16},"end":{"line":13,"column":1}},"1":{"start":{"line":5,"column":18},"end":{"line":5,"column":71}},"2":{"start":{"line":5,"column":52},"end":{"line":5,"column":70}},"3":{"start":{"line":6,"column":16},"end":{"line":6,"column":71}},"4":{"start":{"line":6,"column":46},"end":{"line":6,"column":56}},"5":{"start":{"line":8,"column":2},"end":{"line":12,"column":4}}},"fnMap":{"0":{"name":"(anonymous_0)","decl":{"start":{"line":4,"column":16},"end":{"line":4,"column":17}},"loc":{"start":{"line":4,"column":38},"end":{"line":13,"column":1}},"line":4},"1":{"name":"(anonymous_1)","decl":{"start":{"line":5,"column":35},"end":{"line":5,"column":36}},"loc":{"start":{"line":5,"column":52},"end":{"line":5,"column":70}},"line":5},"2":{"name":"(anonymous_2)","decl":{"start":{"line":6,"column":31},"end":{"line":6,"column":32}},"loc":{"start":{"line":6,"column":46},"end":{"line":6,"column":56}},"line":6}},"branchMap":{},"s":{"0":6,"1":24,"2":106,"3":24,"4":106,"5":24},"f":{"0":24,"1":106,"2":106},"b":{},"_coverageSchema":"1a1c01bbd47fc00a2c39e90264f33305004495a9","hash":"16eb809c700d8e7889426e550531d1bcc4551d36"}
,"/Users/harita/Documents/Coding/LambdaTest/Blog1/expense_tracker_cypress/src/components/ExpenseSheet.jsx": {"path":"/Users/harita/Documents/Coding/LambdaTest/Blog1/expense_tracker_cypress/src/components/ExpenseSheet.jsx","statementMap":{"0":{"start":{"line":4,"column":19},"end":{"line":6,"column":2}},"1":{"start":{"line":8,"column":26},"end":{"line":11,"column":2}},"2":{"start":{"line":13,"column":21},"end":{"line":40,"column":1}},"3":{"start":{"line":14,"column":18},"end":{"line":14,"column":71}},"4":{"start":{"line":14,"column":52},"end":{"line":14,"column":70}},"5":{"start":{"line":15,"column":17},"end":{"line":18,"column":15}},"6":{"start":{"line":16,"column":22},"end":{"line":16,"column":30}},"7":{"start":{"line":17,"column":27},"end":{"line":17,"column":37}},"8":{"start":{"line":19,"column":18},"end":{"line":22,"column":15}},"9":{"start":{"line":20,"column":22},"end":{"line":20,"column":30}},"10":{"start":{"line":21,"column":27},"end":{"line":21,"column":37}},"11":{"start":{"line":24,"column":2},"end":{"line":39,"column":4}}},"fnMap":{"0":{"name":"(anonymous_0)","decl":{"start":{"line":13,"column":21},"end":{"line":13,"column":22}},"loc":{"start":{"line":13,"column":43},"end":{"line":40,"column":1}},"line":13},"1":{"name":"(anonymous_1)","decl":{"start":{"line":14,"column":35},"end":{"line":14,"column":36}},"loc":{"start":{"line":14,"column":52},"end":{"line":14,"column":70}},"line":14},"2":{"name":"(anonymous_2)","decl":{"start":{"line":16,"column":12},"end":{"line":16,"column":13}},"loc":{"start":{"line":16,"column":22},"end":{"line":16,"column":30}},"line":16},"3":{"name":"(anonymous_3)","decl":{"start":{"line":17,"column":12},"end":{"line":17,"column":13}},"loc":{"start":{"line":17,"column":27},"end":{"line":17,"column":37}},"line":17},"4":{"name":"(anonymous_4)","decl":{"start":{"line":20,"column":12},"end":{"line":20,"column":13}},"loc":{"start":{"line":20,"column":22},"end":{"line":20,"column":30}},"line":20},"5":{"name":"(anonymous_5)","decl":{"start":{"line":21,"column":12},"end":{"line":21,"column":13}},"loc":{"start":{"line":21,"column":27},"end":{"line":21,"column":37}},"line":21}},"branchMap":{},"s":{"0":6,"1":6,"2":6,"3":24,"4":106,"5":24,"6":106,"7":26,"8":24,"9":106,"10":76,"11":24},"f":{"0":24,"1":106,"2":106,"3":26,"4":106,"5":76},"b":{},"_coverageSchema":"1a1c01bbd47fc00a2c39e90264f33305004495a9","hash":"e583c7b56e83f9ce3ac2993d661a77e5dfa8278f"}
,"/Users/harita/Documents/Coding/LambdaTest/Blog1/expense_tracker_cypress/src/components/NewTransaction.jsx": {"path":"/Users/harita/Documents/Coding/LambdaTest/Blog1/expense_tracker_cypress/src/components/NewTransaction.jsx","statementMap":{"0":{"start":{"line":4,"column":23},"end":{"line":40,"column":1}},"1":{"start":{"line":5,"column":26},"end":{"line":5,"column":38}},"2":{"start":{"line":6,"column":30},"end":{"line":6,"column":42}},"3":{"start":{"line":7,"column":26},"end":{"line":16,"column":3}},"4":{"start":{"line":8,"column":24},"end":{"line":12,"column":5}},"5":{"start":{"line":13,"column":4},"end":{"line":13,"column":33}},"6":{"start":{"line":14,"column":4},"end":{"line":14,"column":16}},"7":{"start":{"line":15,"column":4},"end":{"line":15,"column":18}},"8":{"start":{"line":18,"column":2},"end":{"line":39,"column":4}},"9":{"start":{"line":26,"column":27},"end":{"line":26,"column":50}},"10":{"start":{"line":34,"column":27},"end":{"line":34,"column":52}}},"fnMap":{"0":{"name":"(anonymous_0)","decl":{"start":{"line":4,"column":23},"end":{"line":4,"column":24}},"loc":{"start":{"line":4,"column":48},"end":{"line":40,"column":1}},"line":4},"1":{"name":"(anonymous_1)","decl":{"start":{"line":7,"column":26},"end":{"line":7,"column":27}},"loc":{"start":{"line":7,"column":33},"end":{"line":16,"column":3}},"line":7},"2":{"name":"(anonymous_2)","decl":{"start":{"line":26,"column":20},"end":{"line":26,"column":21}},"loc":{"start":{"line":26,"column":27},"end":{"line":26,"column":50}},"line":26},"3":{"name":"(anonymous_3)","decl":{"start":{"line":34,"column":20},"end":{"line":34,"column":21}},"loc":{"start":{"line":34,"column":27},"end":{"line":34,"column":52}},"line":34}},"branchMap":{},"s":{"0":6,"1":72,"2":72,"3":72,"4":5,"5":5,"6":5,"7":5,"8":72,"9":15,"10":9},"f":{"0":72,"1":5,"2":15,"3":9},"b":{},"_coverageSchema":"1a1c01bbd47fc00a2c39e90264f33305004495a9","hash":"034dea6a77cf45117bd98de5df6f163f1f04d2be"}
,"/Users/harita/Documents/Coding/LambdaTest/Blog1/expense_tracker_cypress/src/components/Transaction.jsx": {"path":"/Users/harita/Documents/Coding/LambdaTest/Blog1/expense_tracker_cypress/src/components/Transaction.jsx","statementMap":{"0":{"start":{"line":5,"column":20},"end":{"line":31,"column":1}},"1":{"start":{"line":6,"column":15},"end":{"line":6,"column":51}},"2":{"start":{"line":7,"column":17},"end":{"line":7,"column":52}},"3":{"start":{"line":8,"column":16},"end":{"line":8,"column":57}},"4":{"start":{"line":10,"column":23},"end":{"line":13,"column":3}},"5":{"start":{"line":12,"column":4},"end":{"line":12,"column":60}},"6":{"start":{"line":12,"column":21},"end":{"line":12,"column":55}},"7":{"start":{"line":15,"column":2},"end":{"line":30,"column":4}}},"fnMap":{"0":{"name":"(anonymous_0)","decl":{"start":{"line":5,"column":20},"end":{"line":5,"column":21}},"loc":{"start":{"line":5,"column":61},"end":{"line":31,"column":1}},"line":5},"1":{"name":"(anonymous_1)","decl":{"start":{"line":10,"column":23},"end":{"line":10,"column":24}},"loc":{"start":{"line":10,"column":29},"end":{"line":13,"column":3}},"line":10},"2":{"name":"(anonymous_2)","decl":{"start":{"line":12,"column":15},"end":{"line":12,"column":16}},"loc":{"start":{"line":12,"column":21},"end":{"line":12,"column":55}},"line":12}},"branchMap":{"0":{"loc":{"start":{"line":6,"column":15},"end":{"line":6,"column":51}},"type":"cond-expr","locations":[{"start":{"line":6,"column":40},"end":{"line":6,"column":44}},{"start":{"line":6,"column":47},"end":{"line":6,"column":51}}],"line":6},"1":{"loc":{"start":{"line":8,"column":16},"end":{"line":8,"column":57}},"type":"cond-expr","locations":[{"start":{"line":8,"column":41},"end":{"line":8,"column":49}},{"start":{"line":8,"column":52},"end":{"line":8,"column":57}}],"line":8}},"s":{"0":6,"1":106,"2":106,"3":106,"4":106,"5":1,"6":1,"7":106},"f":{"0":106,"1":1,"2":1},"b":{"0":[26,80],"1":[26,80]},"_coverageSchema":"1a1c01bbd47fc00a2c39e90264f33305004495a9","hash":"4407fb37b791cebb604ecfd227e35f67103b15de"}
,"/Users/harita/Documents/Coding/LambdaTest/Blog1/expense_tracker_cypress/src/components/Transactions.jsx": {"path":"/Users/harita/Documents/Coding/LambdaTest/Blog1/expense_tracker_cypress/src/components/Transactions.jsx","statementMap":{"0":{"start":{"line":5,"column":21},"end":{"line":23,"column":1}},"1":{"start":{"line":6,"column":2},"end":{"line":22,"column":4}},"2":{"start":{"line":12,"column":10},"end":{"line":18,"column":12}}},"fnMap":{"0":{"name":"(anonymous_0)","decl":{"start":{"line":5,"column":21},"end":{"line":5,"column":22}},"loc":{"start":{"line":5,"column":63},"end":{"line":23,"column":1}},"line":5},"1":{"name":"(anonymous_1)","decl":{"start":{"line":11,"column":27},"end":{"line":11,"column":28}},"loc":{"start":{"line":11,"column":44},"end":{"line":19,"column":9}},"line":11}},"branchMap":{},"s":{"0":6,"1":24,"2":106},"f":{"0":24,"1":106},"b":{},"_coverageSchema":"1a1c01bbd47fc00a2c39e90264f33305004495a9","hash":"960248e72a8cdda0559705cde4546cb0802a682a"}
}
