TN:
SF:src/App.js
FN:18,App
FN:26,(anonymous_1)
FN:27,(anonymous_2)
FN:30,(anonymous_3)
FN:32,(anonymous_4)
FNF:5
FNH:5
FNDA:24,App
FNDA:5,(anonymous_1)
FNDA:10,(anonymous_2)
FNDA:1,(anonymous_3)
FNDA:5,(anonymous_4)
DA:8,6
DA:19,24
DA:26,24
DA:27,10
DA:30,24
DA:31,1
DA:32,5
DA:36,24
LF:8
LH:8
BRF:0
BRH:0
end_of_record
TN:
SF:src/index.js
FNF:0
FNH:0
DA:6,6
DA:7,6
LF:2
LH:2
BRF:0
BRH:0
end_of_record
TN:
SF:src/components/Balance.jsx
FN:4,(anonymous_0)
FN:5,(anonymous_1)
FN:6,(anonymous_2)
FNF:3
FNH:3
FNDA:24,(anonymous_0)
FNDA:106,(anonymous_1)
FNDA:106,(anonymous_2)
DA:4,6
DA:5,106
DA:6,106
DA:8,24
LF:4
LH:4
BRF:0
BRH:0
end_of_record
TN:
SF:src/components/ExpenseSheet.jsx
FN:13,(anonymous_0)
FN:14,(anonymous_1)
FN:16,(anonymous_2)
FN:17,(anonymous_3)
FN:20,(anonymous_4)
FN:21,(anonymous_5)
FNF:6
FNH:6
FNDA:24,(anonymous_0)
FNDA:106,(anonymous_1)
FNDA:106,(anonymous_2)
FNDA:26,(anonymous_3)
FNDA:106,(anonymous_4)
FNDA:76,(anonymous_5)
DA:4,6
DA:8,6
DA:13,6
DA:14,106
DA:15,24
DA:16,106
DA:17,26
DA:19,24
DA:20,106
DA:21,76
DA:24,24
LF:11
LH:11
BRF:0
BRH:0
end_of_record
TN:
SF:src/components/NewTransaction.jsx
FN:4,(anonymous_0)
FN:7,(anonymous_1)
FN:26,(anonymous_2)
FN:34,(anonymous_3)
FNF:4
FNH:4
FNDA:72,(anonymous_0)
FNDA:5,(anonymous_1)
FNDA:15,(anonymous_2)
FNDA:9,(anonymous_3)
DA:4,6
DA:5,72
DA:6,72
DA:7,72
DA:8,5
DA:13,5
DA:14,5
DA:15,5
DA:18,72
DA:26,15
DA:34,9
LF:11
LH:11
BRF:0
BRH:0
end_of_record
TN:
SF:src/components/Transaction.jsx
FN:5,(anonymous_0)
FN:10,(anonymous_1)
FN:12,(anonymous_2)
FNF:3
FNH:3
FNDA:106,(anonymous_0)
FNDA:1,(anonymous_1)
FNDA:1,(anonymous_2)
DA:5,6
DA:6,106
DA:7,106
DA:8,106
DA:10,106
DA:12,1
DA:15,106
LF:7
LH:7
BRDA:6,0,0,26
BRDA:6,0,1,80
BRDA:8,1,0,26
BRDA:8,1,1,80
BRF:4
BRH:4
end_of_record
TN:
SF:src/components/Transactions.jsx
FN:5,(anonymous_0)
FN:11,(anonymous_1)
FNF:2
FNH:2
FNDA:24,(anonymous_0)
FNDA:106,(anonymous_1)
DA:5,6
DA:6,24
DA:12,106
LF:3
LH:3
BRF:0
BRH:0
end_of_record
